amountToServe [*,*,Breakfast]
:                           FRI MON SAT SUN THUR TUE WED    :=
11CucumberSoyaPancakes        1   0   0   0   0    0   0
15GreenPeasParatha            0   0   0   1   0    0   0
25ScrambledEggsWithChicken    0   0   0   0   0    2   1
2AlooParatha                  1   1   0   0   0    0   1
5CheeseEggOmelette            0   0   2   0   1    0   0

 [*,*,Dinner]
:                           FRI MON SAT SUN THUR TUE WED    :=
10ChickenPestoPasta           0   0   0   1   0    0   0
15GreenPeasParatha            0   0   0   0   2    0   0
17MattarMushroom              0   0   2   0   0    0   0
18MethiThepla                 0   2   0   0   0    1   0
20NargisiVegetable            0   0   0   0   0    2   0
23PaneerAndCornBurger         1   0   0   0   0    0   0
24PaneerAndCubumberSandwich   0   0   0   0   0    0   1
7ChickenFrankie               0   0   1   0   0    0   0

 [*,*,Lunch]
:                           FRI MON SAT SUN THUR TUE WED    :=
11CucumberSoyaPancakes        0   2   0   0   0    0   0
16HerbedRice                  0   0   0   0   1    2   0
17MattarMushroom              0   1   0   0   0    0   0
19MixedVegetablesWithPaneer   0   0   1   0   0    0   2
20NargisiVegetable            0   0   0   1   0    0   0
21PalakAndCorn                1   0   0   0   0    0   0
22PalakPaneer                 0   0   1   2   0    0   0
7ChickenFrankie               0   0   0   0   0    1   0
8ChickenFriedRice             0   0   1   0   2    0   0
9ChickenKheemaParatha         0   0   0   1   0    0   2

 [*,*,Snack]
:                           FRI MON SAT SUN THUR TUE WED    :=
10ChickenPestoPasta           0   0   0   1   0    1   0
23PaneerAndCornBurger         1   0   1   0   0    0   0
24PaneerAndCubumberSandwich   0   0   0   0   1    0   1
7ChickenFrankie               0   1   0   0   0    0   0
;

