amountToServe [*,*,Breakfast]
:                           FRI MON SAT SUN THUR TUE WED    :=
11CucumberSoyaPancakes        0   0   1   0   0    0   0
13EggBhurjeeSandwich          0   0   1   0   0    0   1
15GreenPeasParatha            0   1   0   0   0    0   0
25ScrambledEggsWithChicken    0   0   0   0   0    0   1
2AlooParatha                  0   0   0   0   1    0   0
3BoiledEggMayoSandwich        1   0   0   0   0    0   0
4BroccoliParatha              0   0   0   1   0    1   0
5CheeseEggOmelette            1   0   0   0   0    1   0

 [*,*,Dinner]
:                           FRI MON SAT SUN THUR TUE WED    :=
10ChickenPestoPasta           0   0   0   1   0    0   1
12DalKhichadiWithVegetables   0   0   0   0   0    1   0
15GreenPeasParatha            0   0   0   1   0    0   0
16HerbedRice                  0   0   0   1   0    0   0
18MethiThepla                 0   0   0   0   1    1   0
19MixedVegetablesWithPaneer   0   1   1   0   0    0   0
23PaneerAndCornBurger         0   0   0   0   0    1   1
24PaneerAndCubumberSandwich   0   0   1   0   0    0   0
25ScrambledEggsWithChicken    1   0   0   0   0    0   0
3BoiledEggMayoSandwich        0   0   0   0   1    0   0
7ChickenFrankie               0   1   0   0   0    0   0
8ChickenFriedRice             0   0   1   0   1    0   0
9ChickenKheemaParatha         0   0   0   0   0    1   0

 [*,*,Lunch]
:                           FRI MON SAT SUN THUR TUE WED    :=
12DalKhichadiWithVegetables   0   1   0   1   0    0   0
15GreenPeasParatha            0   0   0   1   0    0   0
16HerbedRice                  0   1   0   1   0    0   0
19MixedVegetablesWithPaneer   0   1   0   0   0    0   0
20NargisiVegetable            0   1   0   0   1    0   1
21PalakAndCorn                1   0   1   0   0    0   1
24PaneerAndCubumberSandwich   0   0   1   0   0    0   0
25ScrambledEggsWithChicken    0   0   0   0   0    1   0
2AlooParatha                  0   1   0   0   0    1   0
3BoiledEggMayoSandwich        0   0   0   0   1    0   0
4BroccoliParatha              0   0   0   1   0    0   0
7ChickenFrankie               1   0   0   0   0    0   0
8ChickenFriedRice             0   1   0   0   0    0   0
9ChickenKheemaParatha         0   0   0   1   0    1   0

 [*,*,Snack]
:                           FRI MON SAT SUN THUR TUE WED    :=
10ChickenPestoPasta           0   1   0   0   0    0   0
11CucumberSoyaPancakes        0   0   0   1   1    0   0
13EggBhurjeeSandwich          0   0   0   0   1    0   0
18MethiThepla                 1   0   0   0   0    0   0
23PaneerAndCornBurger         0   1   0   0   0    0   0
24PaneerAndCubumberSandwich   0   0   0   0   0    0   1
6ChickenCutletSandwich        1   0   0   1   0    1   0
7ChickenFrankie               0   0   1   0   0    0   0
;

