amountToServe [*,*,Breakfast]
:                           FRI MON SAT SUN THUR TUE WED    :=
11CucumberSoyaPancakes        1   0   0   0   0    0   0
13EggBhurjeeSandwich          0   1   0   0   0    1   0
25ScrambledEggsWithChicken    0   0   0   0   2    0   0
2AlooParatha                  0   0   0   0   1    0   0
3BoiledEggMayoSandwich        0   0   0   1   0    0   1
4BroccoliParatha              1   0   0   0   0    0   0
5CheeseEggOmelette            0   1   2   0   0    0   0

 [*,*,Dinner]
:                           FRI MON SAT SUN THUR TUE WED    :=
16HerbedRice                  2   0   1   0   0    0   0
17MattarMushroom              2   0   0   0   0    0   0
19MixedVegetablesWithPaneer   0   0   0   1   0    0   0
20NargisiVegetable            1   0   0   0   0    0   0
21PalakAndCorn                0   0   0   0   0    0   1
23PaneerAndCornBurger         0   0   2   0   0    1   0
24PaneerAndCubumberSandwich   1   0   0   0   0    1   0
7ChickenFrankie               0   0   0   1   0    0   0
8ChickenFriedRice             0   0   0   0   1    0   0
9ChickenKheemaParatha         0   2   0   0   0    0   0

 [*,*,Lunch]
:                           FRI MON SAT SUN THUR TUE WED    :=
10ChickenPestoPasta           0   0   0   2   0    0   0
15GreenPeasParatha            0   0   0   0   1    0   2
18MethiThepla                 2   0   0   0   0    0   0
19MixedVegetablesWithPaneer   0   0   0   1   0    0   1
20NargisiVegetable            0   0   0   0   0    0   2
21PalakAndCorn                0   0   0   0   0    2   0
24PaneerAndCubumberSandwich   0   0   0   0   1    0   0
2AlooParatha                  1   0   0   0   0    0   0
3BoiledEggMayoSandwich        0   1   0   0   0    0   0
7ChickenFrankie               0   0   2   0   0    0   0
8ChickenFriedRice             0   2   0   0   0    0   0
9ChickenKheemaParatha         0   0   1   0   0    0   0

 [*,*,Snack]
:                           FRI MON SAT SUN THUR TUE WED    :=
10ChickenPestoPasta           0   0   0   0   1    0   0
11CucumberSoyaPancakes        0   0   1   0   0    1   0
13EggBhurjeeSandwich          0   0   0   1   0    0   0
18MethiThepla                 0   0   0   0   0    0   1
2AlooParatha                  0   0   1   0   0    0   0
4BroccoliParatha              0   0   0   0   2    0   0
6ChickenCutletSandwich        1   1   0   0   0    0   1
;

